[?1034h[('57', '2310.0')]
[('57', '660.0'), ('57', '6124.0'), ('58', '1380.0'), ('58', '5128.0'), ('58', '1677.0'), ('58', '1717.0')]
----------------------------------------------------------------------------------------------------
[('57', '2237.0')]
[('57', '660.0'), ('57', '6124.0'), ('58', '1380.0'), ('58', '5128.0'), ('58', '1677.0'), ('58', '1717.0')]
----------------------------------------------------------------------------------------------------
[('57', '660.0'), ('57', '6124.0'), ('58', '1380.0'), ('58', '5128.0'), ('58', '1677.0'), ('58', '1717.0')]
[('57', '2310.0')]
----------------------------------------------------------------------------------------------------
[('57', '660.0'), ('57', '6124.0'), ('58', '1380.0'), ('58', '5128.0'), ('58', '1677.0'), ('58', '1717.0')]
[('57', '2237.0')]
----------------------------------------------------------------------------------------------------
[('10', '2404.0'), ('10', '858.0'), ('10', '880.0'), ('10', '832.0'), ('10', '2492.0'), ('10', '2628.0'), ('10', '1886.0'), ('10', '2711.0'), ('10', '2593.0'), ('10', '2463.0'), ('11', '754.0'), ('11', '693.0'), ('11', '719.0'), ('12', '2458.0'), ('12', '2659.0'), ('13', '1163.0'), ('13', '2485.0'), ('13', '1161.0'), ('13', '2474.0'), ('13', '2633.0'), ('13', '2287.0'), ('13', '1440.0'), ('13', '607.0'), ('13', '2487.0')]
[('10', '1901.0'), ('10', '2465.0'), ('10', '2436.0'), ('10', '2604.0'), ('10', '2431.0'), ('10', '1630.0'), ('10', '2610.0'), ('10', '1599.0'), ('10', '2449.0'), ('10', '2453.0'), ('10', '2396.0'), ('10', '2291.0'), ('10', '2386.0'), ('10', '2404.0'), ('10', '2345.0'), ('11', '1516.0'), ('11', '646.0'), ('11', '674.0'), ('11', '711.0'), ('11', '1203.0'), ('11', '657.0'), ('11', '2558.0'), ('11', '702.0'), ('11', '2457.0'), ('11', '681.0'), ('13', '2304.0'), ('13', '2469.0'), ('13', '2447.0'), ('13', '1324.0'), ('13', '2480.0'), ('13', '1176.0'), ('13', '2472.0'), ('13', '2486.0'), ('13', '1666.0'), ('13', '677.0'), ('13', '1364.0'), ('13', '2467.0'), ('13', '2468.0'), ('13', '2465.0'), ('13', '2651.0'), ('13', '2508.0'), ('13', '2370.0'), ('13', '2607.0'), ('13', '2472.0'), ('13', '1862.0'), ('13', '2462.0'), ('13', '2607.0'), ('13', '621.0')]
----------------------------------------------------------------------------------------------------
[('10', '1901.0'), ('10', '2465.0'), ('10', '2436.0'), ('10', '2604.0'), ('10', '2431.0'), ('10', '1630.0'), ('10', '2610.0'), ('10', '1599.0'), ('10', '2449.0'), ('10', '2453.0'), ('10', '2396.0'), ('10', '2291.0'), ('10', '2386.0'), ('10', '2404.0'), ('10', '2345.0'), ('11', '1516.0'), ('11', '646.0'), ('11', '674.0'), ('11', '711.0'), ('11', '1203.0'), ('11', '657.0'), ('11', '2558.0'), ('11', '702.0'), ('11', '2457.0'), ('11', '681.0'), ('13', '2304.0'), ('13', '2469.0'), ('13', '2447.0'), ('13', '1324.0'), ('13', '2480.0'), ('13', '1176.0'), ('13', '2472.0'), ('13', '2486.0'), ('13', '1666.0'), ('13', '677.0'), ('13', '1364.0'), ('13', '2467.0'), ('13', '2468.0'), ('13', '2465.0'), ('13', '2651.0'), ('13', '2508.0'), ('13', '2370.0'), ('13', '2607.0'), ('13', '2472.0'), ('13', '1862.0'), ('13', '2462.0'), ('13', '2607.0'), ('13', '621.0')]
[('10', '2404.0'), ('10', '858.0'), ('10', '880.0'), ('10', '832.0'), ('10', '2492.0'), ('10', '2628.0'), ('10', '1886.0'), ('10', '2711.0'), ('10', '2593.0'), ('10', '2463.0'), ('11', '754.0'), ('11', '693.0'), ('11', '719.0'), ('12', '2458.0'), ('12', '2659.0'), ('13', '1163.0'), ('13', '2485.0'), ('13', '1161.0'), ('13', '2474.0'), ('13', '2633.0'), ('13', '2287.0'), ('13', '1440.0'), ('13', '607.0'), ('13', '2487.0')]
----------------------------------------------------------------------------------------------------
[('56', '2309.0'), ('56', '1712.0'), ('56', '2703.0'), ('57', '2469.0'), ('57', '1685.0'), ('57', '2588.0'), ('57', '2733.0'), ('57', '2448.0'), ('57', '2648.0'), ('57', '2701.0')]
[('56', '1341.0'), ('57', '2686.0'), ('57', '1772.0'), ('57', '2360.0'), ('57', '1016.0'), ('57', '938.0'), ('57', '1757.0'), ('57', '2551.0'), ('57', '2399.0'), ('57', '1726.0'), ('57', '2637.0'), ('57', '2634.0')]
----------------------------------------------------------------------------------------------------
[('56', '2309.0'), ('56', '1712.0'), ('56', '2703.0'), ('57', '2469.0'), ('57', '1685.0'), ('57', '2588.0'), ('57', '2733.0'), ('57', '2448.0'), ('57', '2648.0'), ('57', '2701.0')]
[('57', '2566.0'), ('57', '1608.0'), ('57', '2521.0')]
----------------------------------------------------------------------------------------------------
[('56', '1341.0'), ('57', '2686.0'), ('57', '1772.0'), ('57', '2360.0'), ('57', '1016.0'), ('57', '938.0'), ('57', '1757.0'), ('57', '2551.0'), ('57', '2399.0'), ('57', '1726.0'), ('57', '2637.0'), ('57', '2634.0')]
[('56', '2309.0'), ('56', '1712.0'), ('56', '2703.0'), ('57', '2469.0'), ('57', '1685.0'), ('57', '2588.0'), ('57', '2733.0'), ('57', '2448.0'), ('57', '2648.0'), ('57', '2701.0')]
----------------------------------------------------------------------------------------------------
[('56', '1341.0'), ('57', '2686.0'), ('57', '1772.0'), ('57', '2360.0'), ('57', '1016.0'), ('57', '938.0'), ('57', '1757.0'), ('57', '2551.0'), ('57', '2399.0'), ('57', '1726.0'), ('57', '2637.0'), ('57', '2634.0')]
[('57', '2566.0'), ('57', '1608.0'), ('57', '2521.0')]
----------------------------------------------------------------------------------------------------
[('57', '2566.0'), ('57', '1608.0'), ('57', '2521.0')]
[('56', '2309.0'), ('56', '1712.0'), ('56', '2703.0'), ('57', '2469.0'), ('57', '1685.0'), ('57', '2588.0'), ('57', '2733.0'), ('57', '2448.0'), ('57', '2648.0'), ('57', '2701.0')]
----------------------------------------------------------------------------------------------------
[('57', '2566.0'), ('57', '1608.0'), ('57', '2521.0')]
[('56', '1341.0'), ('57', '2686.0'), ('57', '1772.0'), ('57', '2360.0'), ('57', '1016.0'), ('57', '938.0'), ('57', '1757.0'), ('57', '2551.0'), ('57', '2399.0'), ('57', '1726.0'), ('57', '2637.0'), ('57', '2634.0')]
----------------------------------------------------------------------------------------------------
[('13', '2859.0'), ('14', '948.0'), ('14', '1047.0'), ('14', '2528.0'), ('14', '2533.0'), ('14', '2426.0'), ('15', '2503.0'), ('15', '2699.0'), ('16', '2417.0'), ('17', '5848.0'), ('17', '2574.0'), ('17', '5598.0'), ('17', '2571.0')]
[('14', '2699.0'), ('14', '2561.0'), ('15', '9108.0'), ('16', '5010.0'), ('17', '2630.0'), ('17', '2560.0'), ('17', '2638.0'), ('17', '2639.0'), ('17', '2489.0')]
----------------------------------------------------------------------------------------------------
[('13', '2859.0'), ('14', '948.0'), ('14', '1047.0'), ('14', '2528.0'), ('14', '2533.0'), ('14', '2426.0'), ('15', '2503.0'), ('15', '2699.0'), ('16', '2417.0'), ('17', '5848.0'), ('17', '2574.0'), ('17', '5598.0'), ('17', '2571.0')]
[('14', '2570.0'), ('14', '2699.0'), ('14', '2392.0'), ('15', '2499.0'), ('16', '2636.0'), ('17', '2493.0'), ('17', '2633.0'), ('17', '2636.0'), ('17', '2505.0'), ('17', '2637.0'), ('17', '2565.0')]
----------------------------------------------------------------------------------------------------
[('14', '2699.0'), ('14', '2561.0'), ('15', '9108.0'), ('16', '5010.0'), ('17', '2630.0'), ('17', '2560.0'), ('17', '2638.0'), ('17', '2639.0'), ('17', '2489.0')]
[('13', '2859.0'), ('14', '948.0'), ('14', '1047.0'), ('14', '2528.0'), ('14', '2533.0'), ('14', '2426.0'), ('15', '2503.0'), ('15', '2699.0'), ('16', '2417.0'), ('17', '5848.0'), ('17', '2574.0'), ('17', '5598.0'), ('17', '2571.0')]
----------------------------------------------------------------------------------------------------
[('14', '2699.0'), ('14', '2561.0'), ('15', '9108.0'), ('16', '5010.0'), ('17', '2630.0'), ('17', '2560.0'), ('17', '2638.0'), ('17', '2639.0'), ('17', '2489.0')]
[('14', '2570.0'), ('14', '2699.0'), ('14', '2392.0'), ('15', '2499.0'), ('16', '2636.0'), ('17', '2493.0'), ('17', '2633.0'), ('17', '2636.0'), ('17', '2505.0'), ('17', '2637.0'), ('17', '2565.0')]
----------------------------------------------------------------------------------------------------
[('14', '2570.0'), ('14', '2699.0'), ('14', '2392.0'), ('15', '2499.0'), ('16', '2636.0'), ('17', '2493.0'), ('17', '2633.0'), ('17', '2636.0'), ('17', '2505.0'), ('17', '2637.0'), ('17', '2565.0')]
[('13', '2859.0'), ('14', '948.0'), ('14', '1047.0'), ('14', '2528.0'), ('14', '2533.0'), ('14', '2426.0'), ('15', '2503.0'), ('15', '2699.0'), ('16', '2417.0'), ('17', '5848.0'), ('17', '2574.0'), ('17', '5598.0'), ('17', '2571.0')]
----------------------------------------------------------------------------------------------------
[('14', '2570.0'), ('14', '2699.0'), ('14', '2392.0'), ('15', '2499.0'), ('16', '2636.0'), ('17', '2493.0'), ('17', '2633.0'), ('17', '2636.0'), ('17', '2505.0'), ('17', '2637.0'), ('17', '2565.0')]
[('14', '2699.0'), ('14', '2561.0'), ('15', '9108.0'), ('16', '5010.0'), ('17', '2630.0'), ('17', '2560.0'), ('17', '2638.0'), ('17', '2639.0'), ('17', '2489.0')]
----------------------------------------------------------------------------------------------------
[('1', '2557.0'), ('1', '1602.0'), ('1', '2548.0'), ('3', '2612.0')]
[('1', '2561.0'), ('1', '2653.0'), ('1', '2619.0'), ('1', '2024.0'), ('1', '2402.0'), ('1', '1996.0'), ('1', '2551.0'), ('1', '868.0'), ('1', '2609.0'), ('1', '2304.0'), ('1', '2709.0'), ('2', '1724.0'), ('3', '1404.0'), ('3', '2557.0'), ('3', '952.0'), ('3', '1808.0'), ('3', '2491.0'), ('3', '2381.0'), ('3', '2509.0')]
----------------------------------------------------------------------------------------------------
[('1', '2557.0'), ('1', '1602.0'), ('1', '2548.0'), ('3', '2612.0')]
[('1', '2314.0'), ('1', '2685.0'), ('1', '1588.0'), ('1', '2557.0'), ('1', '2559.0'), ('1', '2571.0'), ('1', '2470.0'), ('1', '2558.0'), ('1', '2470.0'), ('1', '2702.0'), ('1', '2359.0'), ('1', '2502.0'), ('1', '2172.0'), ('1', '2151.0'), ('1', '2434.0'), ('3', '2668.0'), ('3', '2509.0'), ('3', '2540.0'), ('3', '1566.0'), ('3', '2559.0'), ('3', '1653.0')]
----------------------------------------------------------------------------------------------------
[('1', '2557.0'), ('1', '1602.0'), ('1', '2548.0'), ('3', '2612.0')]
[('1', '2698.0'), ('1', '864.0'), ('1', '2453.0'), ('3', '1595.0'), ('3', '2506.0')]
----------------------------------------------------------------------------------------------------
[('1', '2561.0'), ('1', '2653.0'), ('1', '2619.0'), ('1', '2024.0'), ('1', '2402.0'), ('1', '1996.0'), ('1', '2551.0'), ('1', '868.0'), ('1', '2609.0'), ('1', '2304.0'), ('1', '2709.0'), ('2', '1724.0'), ('3', '1404.0'), ('3', '2557.0'), ('3', '952.0'), ('3', '1808.0'), ('3', '2491.0'), ('3', '2381.0'), ('3', '2509.0')]
[('1', '2557.0'), ('1', '1602.0'), ('1', '2548.0'), ('3', '2612.0')]
----------------------------------------------------------------------------------------------------
[('1', '2561.0'), ('1', '2653.0'), ('1', '2619.0'), ('1', '2024.0'), ('1', '2402.0'), ('1', '1996.0'), ('1', '2551.0'), ('1', '868.0'), ('1', '2609.0'), ('1', '2304.0'), ('1', '2709.0'), ('2', '1724.0'), ('3', '1404.0'), ('3', '2557.0'), ('3', '952.0'), ('3', '1808.0'), ('3', '2491.0'), ('3', '2381.0'), ('3', '2509.0')]
[('1', '2314.0'), ('1', '2685.0'), ('1', '1588.0'), ('1', '2557.0'), ('1', '2559.0'), ('1', '2571.0'), ('1', '2470.0'), ('1', '2558.0'), ('1', '2470.0'), ('1', '2702.0'), ('1', '2359.0'), ('1', '2502.0'), ('1', '2172.0'), ('1', '2151.0'), ('1', '2434.0'), ('3', '2668.0'), ('3', '2509.0'), ('3', '2540.0'), ('3', '1566.0'), ('3', '2559.0'), ('3', '1653.0')]
----------------------------------------------------------------------------------------------------
[('1', '2561.0'), ('1', '2653.0'), ('1', '2619.0'), ('1', '2024.0'), ('1', '2402.0'), ('1', '1996.0'), ('1', '2551.0'), ('1', '868.0'), ('1', '2609.0'), ('1', '2304.0'), ('1', '2709.0'), ('2', '1724.0'), ('3', '1404.0'), ('3', '2557.0'), ('3', '952.0'), ('3', '1808.0'), ('3', '2491.0'), ('3', '2381.0'), ('3', '2509.0')]
[('1', '2698.0'), ('1', '864.0'), ('1', '2453.0'), ('3', '1595.0'), ('3', '2506.0')]
----------------------------------------------------------------------------------------------------
[('1', '2314.0'), ('1', '2685.0'), ('1', '1588.0'), ('1', '2557.0'), ('1', '2559.0'), ('1', '2571.0'), ('1', '2470.0'), ('1', '2558.0'), ('1', '2470.0'), ('1', '2702.0'), ('1', '2359.0'), ('1', '2502.0'), ('1', '2172.0'), ('1', '2151.0'), ('1', '2434.0'), ('3', '2668.0'), ('3', '2509.0'), ('3', '2540.0'), ('3', '1566.0'), ('3', '2559.0'), ('3', '1653.0')]
[('1', '2557.0'), ('1', '1602.0'), ('1', '2548.0'), ('3', '2612.0')]
----------------------------------------------------------------------------------------------------
[('1', '2314.0'), ('1', '2685.0'), ('1', '1588.0'), ('1', '2557.0'), ('1', '2559.0'), ('1', '2571.0'), ('1', '2470.0'), ('1', '2558.0'), ('1', '2470.0'), ('1', '2702.0'), ('1', '2359.0'), ('1', '2502.0'), ('1', '2172.0'), ('1', '2151.0'), ('1', '2434.0'), ('3', '2668.0'), ('3', '2509.0'), ('3', '2540.0'), ('3', '1566.0'), ('3', '2559.0'), ('3', '1653.0')]
[('1', '2561.0'), ('1', '2653.0'), ('1', '2619.0'), ('1', '2024.0'), ('1', '2402.0'), ('1', '1996.0'), ('1', '2551.0'), ('1', '868.0'), ('1', '2609.0'), ('1', '2304.0'), ('1', '2709.0'), ('2', '1724.0'), ('3', '1404.0'), ('3', '2557.0'), ('3', '952.0'), ('3', '1808.0'), ('3', '2491.0'), ('3', '2381.0'), ('3', '2509.0')]
----------------------------------------------------------------------------------------------------
[('1', '2314.0'), ('1', '2685.0'), ('1', '1588.0'), ('1', '2557.0'), ('1', '2559.0'), ('1', '2571.0'), ('1', '2470.0'), ('1', '2558.0'), ('1', '2470.0'), ('1', '2702.0'), ('1', '2359.0'), ('1', '2502.0'), ('1', '2172.0'), ('1', '2151.0'), ('1', '2434.0'), ('3', '2668.0'), ('3', '2509.0'), ('3', '2540.0'), ('3', '1566.0'), ('3', '2559.0'), ('3', '1653.0')]
[('1', '2698.0'), ('1', '864.0'), ('1', '2453.0'), ('3', '1595.0'), ('3', '2506.0')]
----------------------------------------------------------------------------------------------------
[('1', '2698.0'), ('1', '864.0'), ('1', '2453.0'), ('3', '1595.0'), ('3', '2506.0')]
[('1', '2557.0'), ('1', '1602.0'), ('1', '2548.0'), ('3', '2612.0')]
----------------------------------------------------------------------------------------------------
[('1', '2698.0'), ('1', '864.0'), ('1', '2453.0'), ('3', '1595.0'), ('3', '2506.0')]
[('1', '2561.0'), ('1', '2653.0'), ('1', '2619.0'), ('1', '2024.0'), ('1', '2402.0'), ('1', '1996.0'), ('1', '2551.0'), ('1', '868.0'), ('1', '2609.0'), ('1', '2304.0'), ('1', '2709.0'), ('2', '1724.0'), ('3', '1404.0'), ('3', '2557.0'), ('3', '952.0'), ('3', '1808.0'), ('3', '2491.0'), ('3', '2381.0'), ('3', '2509.0')]
----------------------------------------------------------------------------------------------------
[('1', '2698.0'), ('1', '864.0'), ('1', '2453.0'), ('3', '1595.0'), ('3', '2506.0')]
[('1', '2314.0'), ('1', '2685.0'), ('1', '1588.0'), ('1', '2557.0'), ('1', '2559.0'), ('1', '2571.0'), ('1', '2470.0'), ('1', '2558.0'), ('1', '2470.0'), ('1', '2702.0'), ('1', '2359.0'), ('1', '2502.0'), ('1', '2172.0'), ('1', '2151.0'), ('1', '2434.0'), ('3', '2668.0'), ('3', '2509.0'), ('3', '2540.0'), ('3', '1566.0'), ('3', '2559.0'), ('3', '1653.0')]
----------------------------------------------------------------------------------------------------
[('58', '2451.0'), ('58', '2534.0')]
[('58', '2401.0'), ('58', '2455.0'), ('58', '1279.0'), ('59', '688.0'), ('59', '2005.0'), ('59', '2629.0'), ('59', '2051.0'), ('59', '807.0'), ('59', '2427.0'), ('59', '2580.0')]
----------------------------------------------------------------------------------------------------
[('58', '2451.0'), ('58', '2534.0')]
[('58', '704.0'), ('59', '1289.0')]
----------------------------------------------------------------------------------------------------
[('58', '2401.0'), ('58', '2455.0'), ('58', '1279.0'), ('59', '688.0'), ('59', '2005.0'), ('59', '2629.0'), ('59', '2051.0'), ('59', '807.0'), ('59', '2427.0'), ('59', '2580.0')]
[('58', '2451.0'), ('58', '2534.0')]
----------------------------------------------------------------------------------------------------
[('58', '2401.0'), ('58', '2455.0'), ('58', '1279.0'), ('59', '688.0'), ('59', '2005.0'), ('59', '2629.0'), ('59', '2051.0'), ('59', '807.0'), ('59', '2427.0'), ('59', '2580.0')]
[('58', '704.0'), ('59', '1289.0')]
----------------------------------------------------------------------------------------------------
[('58', '2401.0'), ('58', '2455.0'), ('58', '1279.0'), ('59', '688.0'), ('59', '2005.0'), ('59', '2629.0'), ('59', '2051.0'), ('59', '807.0'), ('59', '2427.0'), ('59', '2580.0')]
[('58', '1476.0'), ('58', '1229.0'), ('58', '1782.0')]
----------------------------------------------------------------------------------------------------
[('58', '704.0'), ('59', '1289.0')]
[('58', '2451.0'), ('58', '2534.0')]
----------------------------------------------------------------------------------------------------
[('58', '704.0'), ('59', '1289.0')]
[('58', '2401.0'), ('58', '2455.0'), ('58', '1279.0'), ('59', '688.0'), ('59', '2005.0'), ('59', '2629.0'), ('59', '2051.0'), ('59', '807.0'), ('59', '2427.0'), ('59', '2580.0')]
----------------------------------------------------------------------------------------------------
[('58', '704.0'), ('59', '1289.0')]
[('58', '1476.0'), ('58', '1229.0'), ('58', '1782.0')]
----------------------------------------------------------------------------------------------------
[('58', '1476.0'), ('58', '1229.0'), ('58', '1782.0')]
[('58', '2401.0'), ('58', '2455.0'), ('58', '1279.0'), ('59', '688.0'), ('59', '2005.0'), ('59', '2629.0'), ('59', '2051.0'), ('59', '807.0'), ('59', '2427.0'), ('59', '2580.0')]
----------------------------------------------------------------------------------------------------
[('58', '1476.0'), ('58', '1229.0'), ('58', '1782.0')]
[('58', '704.0'), ('59', '1289.0')]
----------------------------------------------------------------------------------------------------
[('39', '2082.0'), ('39', '1608.0'), ('39', '2657.0'), ('39', '1303.0'), ('39', '2620.0'), ('40', '2581.0'), ('40', '1163.0'), ('40', '606.0'), ('40', '1451.0')]
[('39', '1091.0'), ('40', '1195.0'), ('40', '2599.0'), ('40', '2543.0'), ('40', '2110.0'), ('40', '1189.0'), ('40', '1924.0')]
----------------------------------------------------------------------------------------------------
[('39', '1091.0'), ('40', '1195.0'), ('40', '2599.0'), ('40', '2543.0'), ('40', '2110.0'), ('40', '1189.0'), ('40', '1924.0')]
[('39', '2082.0'), ('39', '1608.0'), ('39', '2657.0'), ('39', '1303.0'), ('39', '2620.0'), ('40', '2581.0'), ('40', '1163.0'), ('40', '606.0'), ('40', '1451.0')]
----------------------------------------------------------------------------------------------------
[('40', '5879.0'), ('40', '3579.0')]
[('41', '601.0'), ('41', '5639.0')]
----------------------------------------------------------------------------------------------------
[('40', '5879.0'), ('40', '3579.0')]
[('41', '709.0')]
----------------------------------------------------------------------------------------------------
[('41', '601.0'), ('41', '5639.0')]
[('40', '5879.0'), ('40', '3579.0')]
----------------------------------------------------------------------------------------------------
[('41', '709.0')]
[('40', '5879.0'), ('40', '3579.0')]
----------------------------------------------------------------------------------------------------
[('5', '2970.0'), ('5', '1214.0'), ('5', '612.0'), ('5', '1223.0')]
[('4', '1288.0'), ('5', '3178.0')]
----------------------------------------------------------------------------------------------------
[('4', '1288.0'), ('5', '3178.0')]
[('5', '2970.0'), ('5', '1214.0'), ('5', '612.0'), ('5', '1223.0')]
----------------------------------------------------------------------------------------------------
[('4', '1288.0'), ('5', '3178.0')]
[('5', '1073.0'), ('5', '1004.0')]
----------------------------------------------------------------------------------------------------
[('4', '1288.0'), ('5', '3178.0')]
[('5', '1092.0'), ('5', '1081.0'), ('5', '1100.0'), ('5', '1114.0'), ('5', '1017.0'), ('5', '1072.0'), ('5', '1216.0'), ('5', '1062.0'), ('5', '1002.0')]
----------------------------------------------------------------------------------------------------
[('5', '1073.0'), ('5', '1004.0')]
[('4', '1288.0'), ('5', '3178.0')]
----------------------------------------------------------------------------------------------------
[('5', '1092.0'), ('5', '1081.0'), ('5', '1100.0'), ('5', '1114.0'), ('5', '1017.0'), ('5', '1072.0'), ('5', '1216.0'), ('5', '1062.0'), ('5', '1002.0')]
[('4', '1288.0'), ('5', '3178.0')]
----------------------------------------------------------------------------------------------------
[('46', '1742.0'), ('46', '2042.0'), ('47', '1276.0'), ('48', '1380.0'), ('48', '1527.0'), ('48', '1122.0'), ('48', '727.0')]
[('46', '7819.0'), ('46', '810.0'), ('46', '1853.0'), ('46', '1872.0'), ('46', '959.0'), ('48', '5203.0'), ('48', '2634.0'), ('49', '1179.0')]
----------------------------------------------------------------------------------------------------
[('46', '1742.0'), ('46', '2042.0'), ('47', '1276.0'), ('48', '1380.0'), ('48', '1527.0'), ('48', '1122.0'), ('48', '727.0')]
[('46', '1462.0'), ('46', '2110.0'), ('46', '4053.0')]
----------------------------------------------------------------------------------------------------
[('46', '7819.0'), ('46', '810.0'), ('46', '1853.0'), ('46', '1872.0'), ('46', '959.0'), ('48', '5203.0'), ('48', '2634.0'), ('49', '1179.0')]
[('46', '1742.0'), ('46', '2042.0'), ('47', '1276.0'), ('48', '1380.0'), ('48', '1527.0'), ('48', '1122.0'), ('48', '727.0')]
----------------------------------------------------------------------------------------------------
[('46', '7819.0'), ('46', '810.0'), ('46', '1853.0'), ('46', '1872.0'), ('46', '959.0'), ('48', '5203.0'), ('48', '2634.0'), ('49', '1179.0')]
[('46', '1462.0'), ('46', '2110.0'), ('46', '4053.0')]
----------------------------------------------------------------------------------------------------
[('46', '1462.0'), ('46', '2110.0'), ('46', '4053.0')]
[('46', '1742.0'), ('46', '2042.0'), ('47', '1276.0'), ('48', '1380.0'), ('48', '1527.0'), ('48', '1122.0'), ('48', '727.0')]
----------------------------------------------------------------------------------------------------
[('46', '1462.0'), ('46', '2110.0'), ('46', '4053.0')]
[('46', '7819.0'), ('46', '810.0'), ('46', '1853.0'), ('46', '1872.0'), ('46', '959.0'), ('48', '5203.0'), ('48', '2634.0'), ('49', '1179.0')]
----------------------------------------------------------------------------------------------------
[('41', '1205.0'), ('41', '1008.0'), ('41', '1063.0'), ('42', '1992.0')]
[('41', '2792.0'), ('41', '2736.0'), ('42', '2322.0')]
----------------------------------------------------------------------------------------------------
[('41', '1205.0'), ('41', '1008.0'), ('41', '1063.0'), ('42', '1992.0')]
[('41', '2023.0'), ('41', '2768.0'), ('42', '1183.0'), ('42', '2058.0')]
----------------------------------------------------------------------------------------------------
[('41', '2792.0'), ('41', '2736.0'), ('42', '2322.0')]
[('41', '1205.0'), ('41', '1008.0'), ('41', '1063.0'), ('42', '1992.0')]
----------------------------------------------------------------------------------------------------
[('41', '2792.0'), ('41', '2736.0'), ('42', '2322.0')]
[('41', '2023.0'), ('41', '2768.0'), ('42', '1183.0'), ('42', '2058.0')]
----------------------------------------------------------------------------------------------------
[('41', '2023.0'), ('41', '2768.0'), ('42', '1183.0'), ('42', '2058.0')]
[('41', '1205.0'), ('41', '1008.0'), ('41', '1063.0'), ('42', '1992.0')]
----------------------------------------------------------------------------------------------------
[('41', '2023.0'), ('41', '2768.0'), ('42', '1183.0'), ('42', '2058.0')]
[('41', '2792.0'), ('41', '2736.0'), ('42', '2322.0')]
----------------------------------------------------------------------------------------------------
[('36', '3084.0'), ('36', '7016.0'), ('37', '1671.0'), ('37', '1180.0')]
[('36', '1198.0'), ('36', '1170.0')]
----------------------------------------------------------------------------------------------------
[('36', '1198.0'), ('36', '1170.0')]
[('36', '3084.0'), ('36', '7016.0'), ('37', '1671.0'), ('37', '1180.0')]
----------------------------------------------------------------------------------------------------
[('17', '2648.0'), ('17', '2463.0'), ('17', '2401.0'), ('17', '2474.0'), ('17', '1092.0'), ('17', '5579.0'), ('17', '2434.0'), ('17', '4764.0'), ('18', '654.0')]
[('17', '2485.0'), ('17', '2500.0'), ('17', '2417.0')]
----------------------------------------------------------------------------------------------------
[('17', '2485.0'), ('17', '2500.0'), ('17', '2417.0')]
[('17', '2648.0'), ('17', '2463.0'), ('17', '2401.0'), ('17', '2474.0'), ('17', '1092.0'), ('17', '5579.0'), ('17', '2434.0'), ('17', '4764.0'), ('18', '654.0')]
----------------------------------------------------------------------------------------------------
[('21', '2385.0'), ('21', '2058.0'), ('21', '2492.0'), ('21', '2702.0'), ('21', '2270.0'), ('21', '1866.0'), ('21', '2484.0'), ('21', '2397.0'), ('21', '853.0'), ('21', '2577.0'), ('22', '2551.0'), ('22', '2549.0'), ('22', '2490.0'), ('22', '2649.0'), ('22', '2491.0'), ('22', '1720.0'), ('22', '3027.0'), ('22', '808.0'), ('22', '2538.0')]
[('21', '2599.0'), ('21', '2687.0'), ('22', '1735.0')]
----------------------------------------------------------------------------------------------------
[('21', '2599.0'), ('21', '2687.0'), ('22', '1735.0')]
[('21', '2385.0'), ('21', '2058.0'), ('21', '2492.0'), ('21', '2702.0'), ('21', '2270.0'), ('21', '1866.0'), ('21', '2484.0'), ('21', '2397.0'), ('21', '853.0'), ('21', '2577.0'), ('22', '2551.0'), ('22', '2549.0'), ('22', '2490.0'), ('22', '2649.0'), ('22', '2491.0'), ('22', '1720.0'), ('22', '3027.0'), ('22', '808.0'), ('22', '2538.0')]
----------------------------------------------------------------------------------------------------
[('19', '1447.0'), ('19', '1325.0'), ('19', '1317.0'), ('19', '1336.0'), ('19', '1326.0'), ('19', '1333.0'), ('19', '1338.0'), ('19', '1319.0'), ('20', '5220.0'), ('20', '1339.0'), ('20', '1334.0'), ('20', '1335.0'), ('20', '1450.0'), ('21', '4763.0'), ('21', '7564.0'), ('21', '1310.0'), ('21', '1302.0'), ('21', '1385.0'), ('21', '1505.0'), ('21', '1373.0'), ('21', '3052.0'), ('21', '2766.0'), ('21', '1689.0'), ('21', '1695.0'), ('21', '1672.0'), ('21', '1685.0'), ('21', '1687.0'), ('21', '3913.0'), ('21', '609.0'), ('21', '2843.0'), ('21', '2789.0'), ('21', '1384.0'), ('21', '1276.0'), ('21', '1319.0'), ('21', '1314.0'), ('21', '964.0'), ('21', '964.0')]
[('20', '2557.0'), ('20', '2820.0'), ('21', '2777.0'), ('21', '2715.0'), ('21', '2665.0'), ('21', '2665.0'), ('21', '2646.0'), ('21', '2654.0'), ('21', '2614.0'), ('21', '2643.0'), ('21', '2816.0'), ('21', '5018.0')]
----------------------------------------------------------------------------------------------------
[('20', '2557.0'), ('20', '2820.0'), ('21', '2777.0'), ('21', '2715.0'), ('21', '2665.0'), ('21', '2665.0'), ('21', '2646.0'), ('21', '2654.0'), ('21', '2614.0'), ('21', '2643.0'), ('21', '2816.0'), ('21', '5018.0')]
[('19', '1447.0'), ('19', '1325.0'), ('19', '1317.0'), ('19', '1336.0'), ('19', '1326.0'), ('19', '1333.0'), ('19', '1338.0'), ('19', '1319.0'), ('20', '5220.0'), ('20', '1339.0'), ('20', '1334.0'), ('20', '1335.0'), ('20', '1450.0'), ('21', '4763.0'), ('21', '7564.0'), ('21', '1310.0'), ('21', '1302.0'), ('21', '1385.0'), ('21', '1505.0'), ('21', '1373.0'), ('21', '3052.0'), ('21', '2766.0'), ('21', '1689.0'), ('21', '1695.0'), ('21', '1672.0'), ('21', '1685.0'), ('21', '1687.0'), ('21', '3913.0'), ('21', '609.0'), ('21', '2843.0'), ('21', '2789.0'), ('21', '1384.0'), ('21', '1276.0'), ('21', '1319.0'), ('21', '1314.0'), ('21', '964.0'), ('21', '964.0')]
----------------------------------------------------------------------------------------------------
[('22', '2580.0'), ('22', '2682.0'), ('22', '2745.0'), ('22', '2753.0'), ('22', '2774.0'), ('22', '2756.0'), ('22', '756.0'), ('22', '1729.0'), ('22', '1294.0'), ('22', '1164.0'), ('23', '2611.0'), ('23', '2179.0'), ('23', '2115.0'), ('23', '2119.0'), ('23', '2099.0'), ('23', '2155.0'), ('23', '2035.0'), ('23', '2061.0'), ('23', '2164.0'), ('23', '2145.0'), ('23', '2127.0'), ('23', '1933.0'), ('23', '2150.0'), ('23', '2019.0'), ('23', '2071.0'), ('23', '2123.0'), ('23', '2074.0'), ('23', '2078.0'), ('23', '2062.0'), ('23', '2737.0'), ('23', '2767.0'), ('23', '2767.0'), ('23', '2035.0'), ('23', '2037.0'), ('23', '2017.0'), ('23', '2010.0'), ('23', '2047.0'), ('23', '1983.0'), ('23', '2031.0'), ('23', '2024.0'), ('23', '2044.0'), ('23', '2048.0'), ('23', '2027.0'), ('23', '2029.0'), ('23', '2000.0'), ('23', '2049.0'), ('23', '1995.0'), ('23', '2012.0'), ('23', '2029.0'), ('23', '2031.0'), ('23', '2037.0'), ('23', '2048.0'), ('23', '2032.0'), ('23', '2054.0'), ('23', '1952.0'), ('23', '1549.0'), ('23', '2050.0'), ('23', '2057.0'), ('23', '2052.0')]
[('22', '2701.0'), ('22', '2767.0'), ('22', '2732.0'), ('22', '2397.0'), ('22', '2769.0'), ('23', '2164.0'), ('23', '1850.0'), ('23', '2146.0'), ('23', '1926.0'), ('23', '1862.0'), ('23', '1945.0'), ('23', '2001.0'), ('23', '2107.0'), ('23', '1837.0'), ('23', '2017.0'), ('23', '1566.0'), ('23', '1974.0'), ('23', '2062.0'), ('23', '2033.0'), ('23', '1997.0'), ('23', '2039.0'), ('23', '1911.0'), ('23', '2014.0'), ('23', '2044.0'), ('23', '2015.0'), ('23', '2071.0'), ('23', '2063.0'), ('23', '2046.0'), ('23', '2033.0'), ('23', '1103.0'), ('23', '2047.0'), ('23', '2065.0'), ('23', '1990.0'), ('23', '2054.0'), ('23', '2062.0'), ('23', '820.0'), ('23', '2045.0'), ('23', '2043.0'), ('23', '2048.0'), ('23', '2036.0'), ('23', '2025.0'), ('23', '2040.0'), ('23', '2036.0'), ('23', '2047.0'), ('23', '2027.0'), ('23', '2027.0'), ('23', '2020.0'), ('23', '2044.0'), ('23', '2047.0'), ('23', '2047.0'), ('23', '2024.0'), ('23', '2029.0'), ('23', '2009.0'), ('23', '2029.0'), ('23', '2037.0'), ('23', '603.0'), ('23', '2050.0'), ('23', '1955.0'), ('23', '2053.0'), ('23', '2035.0'), ('23', '2028.0'), ('23', '2026.0')]
----------------------------------------------------------------------------------------------------
[('22', '2701.0'), ('22', '2767.0'), ('22', '2732.0'), ('22', '2397.0'), ('22', '2769.0'), ('23', '2164.0'), ('23', '1850.0'), ('23', '2146.0'), ('23', '1926.0'), ('23', '1862.0'), ('23', '1945.0'), ('23', '2001.0'), ('23', '2107.0'), ('23', '1837.0'), ('23', '2017.0'), ('23', '1566.0'), ('23', '1974.0'), ('23', '2062.0'), ('23', '2033.0'), ('23', '1997.0'), ('23', '2039.0'), ('23', '1911.0'), ('23', '2014.0'), ('23', '2044.0'), ('23', '2015.0'), ('23', '2071.0'), ('23', '2063.0'), ('23', '2046.0'), ('23', '2033.0'), ('23', '1103.0'), ('23', '2047.0'), ('23', '2065.0'), ('23', '1990.0'), ('23', '2054.0'), ('23', '2062.0'), ('23', '820.0'), ('23', '2045.0'), ('23', '2043.0'), ('23', '2048.0'), ('23', '2036.0'), ('23', '2025.0'), ('23', '2040.0'), ('23', '2036.0'), ('23', '2047.0'), ('23', '2027.0'), ('23', '2027.0'), ('23', '2020.0'), ('23', '2044.0'), ('23', '2047.0'), ('23', '2047.0'), ('23', '2024.0'), ('23', '2029.0'), ('23', '2009.0'), ('23', '2029.0'), ('23', '2037.0'), ('23', '603.0'), ('23', '2050.0'), ('23', '1955.0'), ('23', '2053.0'), ('23', '2035.0'), ('23', '2028.0'), ('23', '2026.0')]
[('22', '2580.0'), ('22', '2682.0'), ('22', '2745.0'), ('22', '2753.0'), ('22', '2774.0'), ('22', '2756.0'), ('22', '756.0'), ('22', '1729.0'), ('22', '1294.0'), ('22', '1164.0'), ('23', '2611.0'), ('23', '2179.0'), ('23', '2115.0'), ('23', '2119.0'), ('23', '2099.0'), ('23', '2155.0'), ('23', '2035.0'), ('23', '2061.0'), ('23', '2164.0'), ('23', '2145.0'), ('23', '2127.0'), ('23', '1933.0'), ('23', '2150.0'), ('23', '2019.0'), ('23', '2071.0'), ('23', '2123.0'), ('23', '2074.0'), ('23', '2078.0'), ('23', '2062.0'), ('23', '2737.0'), ('23', '2767.0'), ('23', '2767.0'), ('23', '2035.0'), ('23', '2037.0'), ('23', '2017.0'), ('23', '2010.0'), ('23', '2047.0'), ('23', '1983.0'), ('23', '2031.0'), ('23', '2024.0'), ('23', '2044.0'), ('23', '2048.0'), ('23', '2027.0'), ('23', '2029.0'), ('23', '2000.0'), ('23', '2049.0'), ('23', '1995.0'), ('23', '2012.0'), ('23', '2029.0'), ('23', '2031.0'), ('23', '2037.0'), ('23', '2048.0'), ('23', '2032.0'), ('23', '2054.0'), ('23', '1952.0'), ('23', '1549.0'), ('23', '2050.0'), ('23', '2057.0'), ('23', '2052.0')]
----------------------------------------------------------------------------------------------------
[('25', '2536.0'), ('25', '732.0'), ('26', '1770.0'), ('26', '5517.0'), ('26', '1533.0'), ('26', '1858.0'), ('26', '3114.0'), ('26', '1761.0'), ('26', '2513.0'), ('26', '963.0'), ('26', '1328.0'), ('26', '2514.0'), ('26', '2169.0'), ('26', '1038.0'), ('26', '2605.0'), ('26', '725.0'), ('26', '2202.0'), ('26', '1872.0'), ('26', '2101.0'), ('26', '2526.0'), ('26', '2678.0'), ('26', '2535.0')]
[('26', '794.0'), ('26', '1834.0'), ('26', '2498.0'), ('26', '1783.0'), ('26', '1310.0'), ('26', '1600.0'), ('26', '1629.0')]
----------------------------------------------------------------------------------------------------
[('26', '794.0'), ('26', '1834.0'), ('26', '2498.0'), ('26', '1783.0'), ('26', '1310.0'), ('26', '1600.0'), ('26', '1629.0')]
[('25', '2536.0'), ('25', '732.0'), ('26', '1770.0'), ('26', '5517.0'), ('26', '1533.0'), ('26', '1858.0'), ('26', '3114.0'), ('26', '1761.0'), ('26', '2513.0'), ('26', '963.0'), ('26', '1328.0'), ('26', '2514.0'), ('26', '2169.0'), ('26', '1038.0'), ('26', '2605.0'), ('26', '725.0'), ('26', '2202.0'), ('26', '1872.0'), ('26', '2101.0'), ('26', '2526.0'), ('26', '2678.0'), ('26', '2535.0')]
----------------------------------------------------------------------------------------------------
[('24', '963.0')]
[('24', '775.0'), ('24', '1014.0'), ('24', '751.0'), ('24', '779.0'), ('24', '772.0'), ('24', '1940.0'), ('24', '1098.0'), ('24', '1450.0'), ('24', '1124.0'), ('24', '922.0'), ('24', '1287.0'), ('24', '2219.0'), ('25', '873.0'), ('25', '728.0'), ('25', '1242.0'), ('25', '698.0'), ('25', '1358.0'), ('25', '751.0'), ('25', '1605.0'), ('25', '841.0'), ('25', '690.0'), ('25', '970.0'), ('25', '646.0'), ('25', '620.0'), ('25', '1582.0'), ('25', '702.0'), ('25', '781.0'), ('25', '697.0'), ('25', '615.0')]
----------------------------------------------------------------------------------------------------
[('24', '963.0')]
[('24', '721.0'), ('24', '1423.0'), ('24', '1103.0'), ('24', '1464.0'), ('24', '2271.0'), ('24', '721.0'), ('24', '2212.0'), ('25', '827.0'), ('25', '1177.0'), ('25', '750.0'), ('25', '741.0')]
----------------------------------------------------------------------------------------------------
[('24', '775.0'), ('24', '1014.0'), ('24', '751.0'), ('24', '779.0'), ('24', '772.0'), ('24', '1940.0'), ('24', '1098.0'), ('24', '1450.0'), ('24', '1124.0'), ('24', '922.0'), ('24', '1287.0'), ('24', '2219.0'), ('25', '873.0'), ('25', '728.0'), ('25', '1242.0'), ('25', '698.0'), ('25', '1358.0'), ('25', '751.0'), ('25', '1605.0'), ('25', '841.0'), ('25', '690.0'), ('25', '970.0'), ('25', '646.0'), ('25', '620.0'), ('25', '1582.0'), ('25', '702.0'), ('25', '781.0'), ('25', '697.0'), ('25', '615.0')]
[('24', '963.0')]
----------------------------------------------------------------------------------------------------
[('24', '775.0'), ('24', '1014.0'), ('24', '751.0'), ('24', '779.0'), ('24', '772.0'), ('24', '1940.0'), ('24', '1098.0'), ('24', '1450.0'), ('24', '1124.0'), ('24', '922.0'), ('24', '1287.0'), ('24', '2219.0'), ('25', '873.0'), ('25', '728.0'), ('25', '1242.0'), ('25', '698.0'), ('25', '1358.0'), ('25', '751.0'), ('25', '1605.0'), ('25', '841.0'), ('25', '690.0'), ('25', '970.0'), ('25', '646.0'), ('25', '620.0'), ('25', '1582.0'), ('25', '702.0'), ('25', '781.0'), ('25', '697.0'), ('25', '615.0')]
[('24', '721.0'), ('24', '1423.0'), ('24', '1103.0'), ('24', '1464.0'), ('24', '2271.0'), ('24', '721.0'), ('24', '2212.0'), ('25', '827.0'), ('25', '1177.0'), ('25', '750.0'), ('25', '741.0')]
----------------------------------------------------------------------------------------------------
[('24', '721.0'), ('24', '1423.0'), ('24', '1103.0'), ('24', '1464.0'), ('24', '2271.0'), ('24', '721.0'), ('24', '2212.0'), ('25', '827.0'), ('25', '1177.0'), ('25', '750.0'), ('25', '741.0')]
[('24', '963.0')]
----------------------------------------------------------------------------------------------------
[('24', '721.0'), ('24', '1423.0'), ('24', '1103.0'), ('24', '1464.0'), ('24', '2271.0'), ('24', '721.0'), ('24', '2212.0'), ('25', '827.0'), ('25', '1177.0'), ('25', '750.0'), ('25', '741.0')]
[('24', '775.0'), ('24', '1014.0'), ('24', '751.0'), ('24', '779.0'), ('24', '772.0'), ('24', '1940.0'), ('24', '1098.0'), ('24', '1450.0'), ('24', '1124.0'), ('24', '922.0'), ('24', '1287.0'), ('24', '2219.0'), ('25', '873.0'), ('25', '728.0'), ('25', '1242.0'), ('25', '698.0'), ('25', '1358.0'), ('25', '751.0'), ('25', '1605.0'), ('25', '841.0'), ('25', '690.0'), ('25', '970.0'), ('25', '646.0'), ('25', '620.0'), ('25', '1582.0'), ('25', '702.0'), ('25', '781.0'), ('25', '697.0'), ('25', '615.0')]
----------------------------------------------------------------------------------------------------
[('26', '1696.0'), ('27', '2579.0'), ('27', '2768.0'), ('27', '1260.0'), ('27', '1367.0')]
[('27', '767.0'), ('27', '884.0')]
----------------------------------------------------------------------------------------------------
[('26', '1696.0'), ('27', '2579.0'), ('27', '2768.0'), ('27', '1260.0'), ('27', '1367.0')]
[('27', '2772.0'), ('27', '2836.0')]
----------------------------------------------------------------------------------------------------
[('27', '767.0'), ('27', '884.0')]
[('26', '1696.0'), ('27', '2579.0'), ('27', '2768.0'), ('27', '1260.0'), ('27', '1367.0')]
----------------------------------------------------------------------------------------------------
[('27', '2772.0'), ('27', '2836.0')]
[('26', '1696.0'), ('27', '2579.0'), ('27', '2768.0'), ('27', '1260.0'), ('27', '1367.0')]
----------------------------------------------------------------------------------------------------
[('27', '5793.0'), ('27', '2604.0'), ('27', '1736.0'), ('28', '1882.0'), ('28', '2494.0'), ('28', '6679.0'), ('28', '2453.0'), ('28', '6681.0'), ('28', '7235.0'), ('28', '4586.0'), ('28', '5587.0')]
[('27', '5340.0'), ('28', '2795.0'), ('28', '2617.0')]
----------------------------------------------------------------------------------------------------
[('27', '5340.0'), ('28', '2795.0'), ('28', '2617.0')]
[('27', '5793.0'), ('27', '2604.0'), ('27', '1736.0'), ('28', '1882.0'), ('28', '2494.0'), ('28', '6679.0'), ('28', '2453.0'), ('28', '6681.0'), ('28', '7235.0'), ('28', '4586.0'), ('28', '5587.0')]
----------------------------------------------------------------------------------------------------
[('64', '2492.0'), ('64', '2507.0'), ('65', '2645.0'), ('65', '3249.0'), ('65', '1008.0')]
[('65', '1227.0'), ('65', '2000.0'), ('65', '2467.0'), ('65', '2484.0'), ('65', '2660.0'), ('65', '4086.0'), ('65', '5635.0')]
----------------------------------------------------------------------------------------------------
[('64', '2492.0'), ('64', '2507.0'), ('65', '2645.0'), ('65', '3249.0'), ('65', '1008.0')]
[('65', '2086.0')]
----------------------------------------------------------------------------------------------------
[('65', '1227.0'), ('65', '2000.0'), ('65', '2467.0'), ('65', '2484.0'), ('65', '2660.0'), ('65', '4086.0'), ('65', '5635.0')]
[('64', '2492.0'), ('64', '2507.0'), ('65', '2645.0'), ('65', '3249.0'), ('65', '1008.0')]
----------------------------------------------------------------------------------------------------
[('65', '2086.0')]
[('64', '2492.0'), ('64', '2507.0'), ('65', '2645.0'), ('65', '3249.0'), ('65', '1008.0')]
----------------------------------------------------------------------------------------------------
[('30', '1707.0'), ('31', '1334.0'), ('31', '1692.0'), ('31', '1334.0'), ('31', '819.0'), ('31', '1679.0'), ('31', '1684.0')]
[('30', '4755.0'), ('31', '1335.0'), ('31', '1686.0'), ('31', '1334.0'), ('31', '1684.0'), ('31', '1691.0'), ('31', '1693.0'), ('31', '1683.0'), ('31', '1335.0'), ('31', '1679.0'), ('31', '1696.0'), ('31', '1692.0'), ('31', '1691.0'), ('31', '1691.0'), ('31', '1691.0'), ('31', '1586.0')]
----------------------------------------------------------------------------------------------------
[('30', '4755.0'), ('31', '1335.0'), ('31', '1686.0'), ('31', '1334.0'), ('31', '1684.0'), ('31', '1691.0'), ('31', '1693.0'), ('31', '1683.0'), ('31', '1335.0'), ('31', '1679.0'), ('31', '1696.0'), ('31', '1692.0'), ('31', '1691.0'), ('31', '1691.0'), ('31', '1691.0'), ('31', '1586.0')]
[('30', '1707.0'), ('31', '1334.0'), ('31', '1692.0'), ('31', '1334.0'), ('31', '819.0'), ('31', '1679.0'), ('31', '1684.0')]
----------------------------------------------------------------------------------------------------
[('31', '2464.0'), ('31', '2445.0'), ('31', '2571.0'), ('31', '726.0'), ('31', '2297.0'), ('31', '1047.0'), ('31', '4619.0'), ('31', '2412.0'), ('31', '5469.0')]
[('31', '2599.0'), ('31', '2754.0'), ('31', '1715.0'), ('32', '1393.0')]
----------------------------------------------------------------------------------------------------
[('31', '2599.0'), ('31', '2754.0'), ('31', '1715.0'), ('32', '1393.0')]
[('31', '2464.0'), ('31', '2445.0'), ('31', '2571.0'), ('31', '726.0'), ('31', '2297.0'), ('31', '1047.0'), ('31', '4619.0'), ('31', '2412.0'), ('31', '5469.0')]
----------------------------------------------------------------------------------------------------
[('31', '2599.0'), ('31', '2754.0'), ('31', '1715.0'), ('32', '1393.0')]
[('31', '1767.0'), ('31', '2407.0'), ('31', '5033.0'), ('31', '5015.0')]
----------------------------------------------------------------------------------------------------
[('31', '1767.0'), ('31', '2407.0'), ('31', '5033.0'), ('31', '5015.0')]
[('31', '2599.0'), ('31', '2754.0'), ('31', '1715.0'), ('32', '1393.0')]
----------------------------------------------------------------------------------------------------
[('52', '6741.0'), ('53', '1599.0')]
[('52', '6136.0'), ('52', '5098.0'), ('53', '861.0')]
----------------------------------------------------------------------------------------------------
[('52', '6136.0'), ('52', '5098.0'), ('53', '861.0')]
[('52', '6741.0'), ('53', '1599.0')]
----------------------------------------------------------------------------------------------------
[('32', '7007.0'), ('32', '2433.0'), ('33', '5650.0'), ('33', '1361.0'), ('33', '6266.0')]
[('32', '5219.0'), ('32', '5426.0'), ('33', '1303.0')]
----------------------------------------------------------------------------------------------------
[('32', '7007.0'), ('32', '2433.0'), ('33', '5650.0'), ('33', '1361.0'), ('33', '6266.0')]
[('33', '2562.0'), ('33', '2453.0')]
----------------------------------------------------------------------------------------------------
[('32', '5219.0'), ('32', '5426.0'), ('33', '1303.0')]
[('32', '7007.0'), ('32', '2433.0'), ('33', '5650.0'), ('33', '1361.0'), ('33', '6266.0')]
----------------------------------------------------------------------------------------------------
[('32', '5219.0'), ('32', '5426.0'), ('33', '1303.0')]
[('33', '2562.0'), ('33', '2453.0')]
----------------------------------------------------------------------------------------------------
[('33', '2562.0'), ('33', '2453.0')]
[('32', '7007.0'), ('32', '2433.0'), ('33', '5650.0'), ('33', '1361.0'), ('33', '6266.0')]
----------------------------------------------------------------------------------------------------
[('33', '2562.0'), ('33', '2453.0')]
[('32', '5219.0'), ('32', '5426.0'), ('33', '1303.0')]
----------------------------------------------------------------------------------------------------
[('33', '2427.0'), ('33', '2417.0'), ('33', '2402.0'), ('33', '1841.0'), ('34', '4383.0')]
[('34', '2306.0')]
----------------------------------------------------------------------------------------------------
[('34', '2306.0')]
[('33', '2427.0'), ('33', '2417.0'), ('33', '2402.0'), ('33', '1841.0'), ('34', '4383.0')]
----------------------------------------------------------------------------------------------------
[('34', '2626.0'), ('34', '1745.0'), ('34', '2760.0'), ('34', '2307.0'), ('34', '2736.0'), ('34', '2688.0'), ('34', '2780.0'), ('35', '6646.0')]
[('34', '1569.0'), ('34', '2562.0'), ('34', '2769.0'), ('34', '2780.0'), ('34', '2033.0'), ('34', '5565.0'), ('34', '2759.0'), ('34', '2769.0'), ('34', '2657.0'), ('34', '2622.0'), ('34', '804.0'), ('34', '2109.0'), ('34', '1029.0'), ('34', '2755.0')]
----------------------------------------------------------------------------------------------------
[('34', '2626.0'), ('34', '1745.0'), ('34', '2760.0'), ('34', '2307.0'), ('34', '2736.0'), ('34', '2688.0'), ('34', '2780.0'), ('35', '6646.0')]
[('34', '2658.0')]
----------------------------------------------------------------------------------------------------
[('34', '1569.0'), ('34', '2562.0'), ('34', '2769.0'), ('34', '2780.0'), ('34', '2033.0'), ('34', '5565.0'), ('34', '2759.0'), ('34', '2769.0'), ('34', '2657.0'), ('34', '2622.0'), ('34', '804.0'), ('34', '2109.0'), ('34', '1029.0'), ('34', '2755.0')]
[('34', '2626.0'), ('34', '1745.0'), ('34', '2760.0'), ('34', '2307.0'), ('34', '2736.0'), ('34', '2688.0'), ('34', '2780.0'), ('35', '6646.0')]
----------------------------------------------------------------------------------------------------
[('34', '2658.0')]
[('34', '2626.0'), ('34', '1745.0'), ('34', '2760.0'), ('34', '2307.0'), ('34', '2736.0'), ('34', '2688.0'), ('34', '2780.0'), ('35', '6646.0')]
----------------------------------------------------------------------------------------------------
[('65', '1854.0'), ('65', '915.0'), ('65', '2433.0'), ('65', '2606.0'), ('65', '2677.0'), ('65', '1277.0'), ('65', '1516.0'), ('66', '1377.0'), ('66', '1520.0'), ('66', '2410.0')]
[('65', '1270.0'), ('66', '707.0')]
----------------------------------------------------------------------------------------------------
[('65', '1854.0'), ('65', '915.0'), ('65', '2433.0'), ('65', '2606.0'), ('65', '2677.0'), ('65', '1277.0'), ('65', '1516.0'), ('66', '1377.0'), ('66', '1520.0'), ('66', '2410.0')]
[('66', '7222.0')]
----------------------------------------------------------------------------------------------------
[('65', '1270.0'), ('66', '707.0')]
[('65', '1854.0'), ('65', '915.0'), ('65', '2433.0'), ('65', '2606.0'), ('65', '2677.0'), ('65', '1277.0'), ('65', '1516.0'), ('66', '1377.0'), ('66', '1520.0'), ('66', '2410.0')]
----------------------------------------------------------------------------------------------------
[('65', '1270.0'), ('66', '707.0')]
[('66', '7222.0')]
----------------------------------------------------------------------------------------------------
[('66', '7222.0')]
[('65', '1854.0'), ('65', '915.0'), ('65', '2433.0'), ('65', '2606.0'), ('65', '2677.0'), ('65', '1277.0'), ('65', '1516.0'), ('66', '1377.0'), ('66', '1520.0'), ('66', '2410.0')]
----------------------------------------------------------------------------------------------------
[('66', '7222.0')]
[('65', '1270.0'), ('66', '707.0')]
----------------------------------------------------------------------------------------------------
[('51', '1751.0')]
[('50', '1852.0')]
----------------------------------------------------------------------------------------------------
[('51', '1751.0')]
[('50', '2239.0'), ('50', '2702.0'), ('50', '757.0'), ('51', '994.0'), ('51', '1532.0'), ('51', '1048.0'), ('51', '2677.0'), ('51', '2313.0'), ('51', '1914.0'), ('51', '994.0')]
----------------------------------------------------------------------------------------------------
[('50', '1852.0')]
[('51', '1751.0')]
----------------------------------------------------------------------------------------------------
[('50', '1852.0')]
[('50', '2239.0'), ('50', '2702.0'), ('50', '757.0'), ('51', '994.0'), ('51', '1532.0'), ('51', '1048.0'), ('51', '2677.0'), ('51', '2313.0'), ('51', '1914.0'), ('51', '994.0')]
----------------------------------------------------------------------------------------------------
[('50', '1852.0')]
[('51', '4387.0'), ('51', '2728.0'), ('51', '1127.0'), ('51', '1689.0'), ('51', '922.0'), ('51', '7377.0'), ('51', '1392.0'), ('51', '1487.0'), ('51', '970.0'), ('51', '1445.0')]
----------------------------------------------------------------------------------------------------
[('50', '2239.0'), ('50', '2702.0'), ('50', '757.0'), ('51', '994.0'), ('51', '1532.0'), ('51', '1048.0'), ('51', '2677.0'), ('51', '2313.0'), ('51', '1914.0'), ('51', '994.0')]
[('51', '1751.0')]
----------------------------------------------------------------------------------------------------
[('50', '2239.0'), ('50', '2702.0'), ('50', '757.0'), ('51', '994.0'), ('51', '1532.0'), ('51', '1048.0'), ('51', '2677.0'), ('51', '2313.0'), ('51', '1914.0'), ('51', '994.0')]
[('50', '1852.0')]
----------------------------------------------------------------------------------------------------
[('50', '2239.0'), ('50', '2702.0'), ('50', '757.0'), ('51', '994.0'), ('51', '1532.0'), ('51', '1048.0'), ('51', '2677.0'), ('51', '2313.0'), ('51', '1914.0'), ('51', '994.0')]
[('51', '4387.0'), ('51', '2728.0'), ('51', '1127.0'), ('51', '1689.0'), ('51', '922.0'), ('51', '7377.0'), ('51', '1392.0'), ('51', '1487.0'), ('51', '970.0'), ('51', '1445.0')]
----------------------------------------------------------------------------------------------------
[('51', '4387.0'), ('51', '2728.0'), ('51', '1127.0'), ('51', '1689.0'), ('51', '922.0'), ('51', '7377.0'), ('51', '1392.0'), ('51', '1487.0'), ('51', '970.0'), ('51', '1445.0')]
[('50', '1852.0')]
----------------------------------------------------------------------------------------------------
[('51', '4387.0'), ('51', '2728.0'), ('51', '1127.0'), ('51', '1689.0'), ('51', '922.0'), ('51', '7377.0'), ('51', '1392.0'), ('51', '1487.0'), ('51', '970.0'), ('51', '1445.0')]
[('50', '2239.0'), ('50', '2702.0'), ('50', '757.0'), ('51', '994.0'), ('51', '1532.0'), ('51', '1048.0'), ('51', '2677.0'), ('51', '2313.0'), ('51', '1914.0'), ('51', '994.0')]
----------------------------------------------------------------------------------------------------
[('64', '5881.0')]
[('63', '2672.0'), ('63', '1776.0')]
----------------------------------------------------------------------------------------------------
[('64', '5881.0')]
[('63', '847.0')]
----------------------------------------------------------------------------------------------------
[('64', '5881.0')]
[('63', '2673.0'), ('64', '1534.0'), ('64', '2456.0'), ('64', '2493.0'), ('64', '2601.0'), ('64', '2039.0'), ('64', '841.0'), ('64', '2626.0')]
----------------------------------------------------------------------------------------------------
[('63', '2672.0'), ('63', '1776.0')]
[('64', '5881.0')]
----------------------------------------------------------------------------------------------------
[('63', '2672.0'), ('63', '1776.0')]
[('63', '2673.0'), ('64', '1534.0'), ('64', '2456.0'), ('64', '2493.0'), ('64', '2601.0'), ('64', '2039.0'), ('64', '841.0'), ('64', '2626.0')]
----------------------------------------------------------------------------------------------------
[('63', '847.0')]
[('64', '5881.0')]
----------------------------------------------------------------------------------------------------
[('63', '847.0')]
[('63', '2673.0'), ('64', '1534.0'), ('64', '2456.0'), ('64', '2493.0'), ('64', '2601.0'), ('64', '2039.0'), ('64', '841.0'), ('64', '2626.0')]
----------------------------------------------------------------------------------------------------
[('63', '2673.0'), ('64', '1534.0'), ('64', '2456.0'), ('64', '2493.0'), ('64', '2601.0'), ('64', '2039.0'), ('64', '841.0'), ('64', '2626.0')]
[('64', '5881.0')]
----------------------------------------------------------------------------------------------------
[('63', '2673.0'), ('64', '1534.0'), ('64', '2456.0'), ('64', '2493.0'), ('64', '2601.0'), ('64', '2039.0'), ('64', '841.0'), ('64', '2626.0')]
[('63', '2672.0'), ('63', '1776.0')]
----------------------------------------------------------------------------------------------------
[('63', '2673.0'), ('64', '1534.0'), ('64', '2456.0'), ('64', '2493.0'), ('64', '2601.0'), ('64', '2039.0'), ('64', '841.0'), ('64', '2626.0')]
[('63', '847.0')]
----------------------------------------------------------------------------------------------------
[('60', '2753.0'), ('60', '2461.0'), ('60', '2458.0'), ('60', '2647.0'), ('60', '2754.0')]
[('59', '3596.0'), ('59', '4867.0'), ('60', '2677.0'), ('60', '1977.0'), ('60', '2462.0'), ('60', '2358.0'), ('60', '2472.0'), ('60', '2599.0')]
----------------------------------------------------------------------------------------------------
[('60', '2753.0'), ('60', '2461.0'), ('60', '2458.0'), ('60', '2647.0'), ('60', '2754.0')]
[('59', '4867.0'), ('60', '2617.0'), ('60', '2614.0'), ('60', '2752.0'), ('60', '2752.0'), ('60', '2490.0'), ('60', '2488.0'), ('60', '2498.0')]
----------------------------------------------------------------------------------------------------
[('59', '3596.0'), ('59', '4867.0'), ('60', '2677.0'), ('60', '1977.0'), ('60', '2462.0'), ('60', '2358.0'), ('60', '2472.0'), ('60', '2599.0')]
[('60', '2753.0'), ('60', '2461.0'), ('60', '2458.0'), ('60', '2647.0'), ('60', '2754.0')]
----------------------------------------------------------------------------------------------------
[('59', '3596.0'), ('59', '4867.0'), ('60', '2677.0'), ('60', '1977.0'), ('60', '2462.0'), ('60', '2358.0'), ('60', '2472.0'), ('60', '2599.0')]
[('59', '4867.0'), ('60', '2617.0'), ('60', '2614.0'), ('60', '2752.0'), ('60', '2752.0'), ('60', '2490.0'), ('60', '2488.0'), ('60', '2498.0')]
----------------------------------------------------------------------------------------------------
[('59', '3596.0'), ('59', '4867.0'), ('60', '2677.0'), ('60', '1977.0'), ('60', '2462.0'), ('60', '2358.0'), ('60', '2472.0'), ('60', '2599.0')]
[('60', '1469.0'), ('60', '2803.0'), ('60', '2593.0'), ('60', '2748.0'), ('60', '2602.0'), ('60', '2591.0'), ('60', '2482.0')]
----------------------------------------------------------------------------------------------------
[('59', '4867.0'), ('60', '2617.0'), ('60', '2614.0'), ('60', '2752.0'), ('60', '2752.0'), ('60', '2490.0'), ('60', '2488.0'), ('60', '2498.0')]
[('60', '2753.0'), ('60', '2461.0'), ('60', '2458.0'), ('60', '2647.0'), ('60', '2754.0')]
----------------------------------------------------------------------------------------------------
[('59', '4867.0'), ('60', '2617.0'), ('60', '2614.0'), ('60', '2752.0'), ('60', '2752.0'), ('60', '2490.0'), ('60', '2488.0'), ('60', '2498.0')]
[('59', '3596.0'), ('59', '4867.0'), ('60', '2677.0'), ('60', '1977.0'), ('60', '2462.0'), ('60', '2358.0'), ('60', '2472.0'), ('60', '2599.0')]
----------------------------------------------------------------------------------------------------
[('59', '4867.0'), ('60', '2617.0'), ('60', '2614.0'), ('60', '2752.0'), ('60', '2752.0'), ('60', '2490.0'), ('60', '2488.0'), ('60', '2498.0')]
[('60', '1469.0'), ('60', '2803.0'), ('60', '2593.0'), ('60', '2748.0'), ('60', '2602.0'), ('60', '2591.0'), ('60', '2482.0')]
----------------------------------------------------------------------------------------------------
[('60', '1469.0'), ('60', '2803.0'), ('60', '2593.0'), ('60', '2748.0'), ('60', '2602.0'), ('60', '2591.0'), ('60', '2482.0')]
[('59', '3596.0'), ('59', '4867.0'), ('60', '2677.0'), ('60', '1977.0'), ('60', '2462.0'), ('60', '2358.0'), ('60', '2472.0'), ('60', '2599.0')]
----------------------------------------------------------------------------------------------------
[('60', '1469.0'), ('60', '2803.0'), ('60', '2593.0'), ('60', '2748.0'), ('60', '2602.0'), ('60', '2591.0'), ('60', '2482.0')]
[('59', '4867.0'), ('60', '2617.0'), ('60', '2614.0'), ('60', '2752.0'), ('60', '2752.0'), ('60', '2490.0'), ('60', '2488.0'), ('60', '2498.0')]
----------------------------------------------------------------------------------------------------
[('6', '2349.0'), ('7', '875.0'), ('8', '3221.0'), ('9', '5256.0'), ('9', '2203.0')]
[('7', '4811.0'), ('7', '4503.0'), ('7', '3799.0'), ('7', '3768.0'), ('9', '773.0')]
----------------------------------------------------------------------------------------------------
[('6', '2349.0'), ('7', '875.0'), ('8', '3221.0'), ('9', '5256.0'), ('9', '2203.0')]
[('7', '4799.0'), ('7', '4632.0'), ('7', '4699.0'), ('7', '3822.0'), ('7', '3812.0'), ('7', '985.0'), ('8', '6679.0'), ('9', '2742.0')]
----------------------------------------------------------------------------------------------------
[('7', '4811.0'), ('7', '4503.0'), ('7', '3799.0'), ('7', '3768.0'), ('9', '773.0')]
[('6', '2349.0'), ('7', '875.0'), ('8', '3221.0'), ('9', '5256.0'), ('9', '2203.0')]
----------------------------------------------------------------------------------------------------
[('7', '4811.0'), ('7', '4503.0'), ('7', '3799.0'), ('7', '3768.0'), ('9', '773.0')]
[('7', '4799.0'), ('7', '4632.0'), ('7', '4699.0'), ('7', '3822.0'), ('7', '3812.0'), ('7', '985.0'), ('8', '6679.0'), ('9', '2742.0')]
----------------------------------------------------------------------------------------------------
[('7', '4799.0'), ('7', '4632.0'), ('7', '4699.0'), ('7', '3822.0'), ('7', '3812.0'), ('7', '985.0'), ('8', '6679.0'), ('9', '2742.0')]
[('6', '2349.0'), ('7', '875.0'), ('8', '3221.0'), ('9', '5256.0'), ('9', '2203.0')]
----------------------------------------------------------------------------------------------------
[('7', '4799.0'), ('7', '4632.0'), ('7', '4699.0'), ('7', '3822.0'), ('7', '3812.0'), ('7', '985.0'), ('8', '6679.0'), ('9', '2742.0')]
[('7', '4811.0'), ('7', '4503.0'), ('7', '3799.0'), ('7', '3768.0'), ('9', '773.0')]
----------------------------------------------------------------------------------------------------
[('37', '1064.0'), ('37', '1997.0'), ('37', '2734.0'), ('37', '1103.0')]
[('38', '3090.0'), ('38', '2312.0'), ('38', '2725.0'), ('39', '3393.0')]
----------------------------------------------------------------------------------------------------
[('37', '1064.0'), ('37', '1997.0'), ('37', '2734.0'), ('37', '1103.0')]
[('38', '1479.0'), ('38', '8244.0')]
----------------------------------------------------------------------------------------------------
[('38', '3090.0'), ('38', '2312.0'), ('38', '2725.0'), ('39', '3393.0')]
[('37', '1064.0'), ('37', '1997.0'), ('37', '2734.0'), ('37', '1103.0')]
----------------------------------------------------------------------------------------------------
[('38', '3090.0'), ('38', '2312.0'), ('38', '2725.0'), ('39', '3393.0')]
[('38', '1479.0'), ('38', '8244.0')]
----------------------------------------------------------------------------------------------------
[('38', '1479.0'), ('38', '8244.0')]
[('37', '1064.0'), ('37', '1997.0'), ('37', '2734.0'), ('37', '1103.0')]
----------------------------------------------------------------------------------------------------
[('38', '1479.0'), ('38', '8244.0')]
[('38', '3090.0'), ('38', '2312.0'), ('38', '2725.0'), ('39', '3393.0')]
----------------------------------------------------------------------------------------------------
